{"timestamp":"Sat Aug 31 2024 11:08:18 GMT+0530 (India Standard Time)","type":"info","message":"Server started on port: 9002"}
{"timestamp":"Sat Aug 31 2024 11:08:25 GMT+0530 (India Standard Time)","type":"info","message":"Login User"}
{"timestamp":"Sat Aug 31 2024 11:08:25 GMT+0530 (India Standard Time)","type":"info","message":"Input values: 9876543210 xyz@123#"}
{"timestamp":"Sat Aug 31 2024 11:08:25 GMT+0530 (India Standard Time)","type":"info","message":"Input values1: 9876543210"}
{"timestamp":"Sat Aug 31 2024 11:08:25 GMT+0530 (India Standard Time)","type":"info","message":"session started for read"}
{"timestamp":"Sat Aug 31 2024 11:08:25 GMT+0530 (India Standard Time)","type":"info","message":"Connection done"}
{"timestamp":"Sat Aug 31 2024 11:08:25 GMT+0530 (India Standard Time)","type":"info","message":"Session started for checkLogin"}
{"timestamp":"Sat Aug 31 2024 11:08:25 GMT+0530 (India Standard Time)","type":"info","message":"login check query: MATCH (u:User) where (u.username=$username or u.emailId = $username or u.mobileNo = $username) and u.password = $password return u.username"}
{"timestamp":"Sat Aug 31 2024 11:08:25 GMT+0530 (India Standard Time)","type":"debug","message":"result: {"records":[{"keys":["u.username"],"length":1,"_fields":["XYZ"],"_fieldLookup":{"u.username":0}}],"summary":{"query":{"text":"MATCH (u:User) where (u.username=$username or u.emailId = $username or u.mobileNo = $username) and u.password = $password return u.username","parameters":{"username":"9876543210","password":"xyz@123#"}},"queryType":"r","counters":{"_stats":{"nodesCreated":0,"nodesDeleted":0,"relationshipsCreated":0,"relationshipsDeleted":0,"propertiesSet":0,"labelsAdded":0,"labelsRemoved":0,"indexesAdded":0,"indexesRemoved":0,"constraintsAdded":0,"constraintsRemoved":0},"_systemUpdates":0},"updateStatistics":{"_stats":{"nodesCreated":0,"nodesDeleted":0,"relationshipsCreated":0,"relationshipsDeleted":0,"propertiesSet":0,"labelsAdded":0,"labelsRemoved":0,"indexesAdded":0,"indexesRemoved":0,"constraintsAdded":0,"constraintsRemoved":0},"_systemUpdates":0},"plan":false,"profile":false,"notifications":[],"server":{"address":"localhost:7687","agent":"Neo4j/5.12.0","protocolVersion":5.3},"resultConsumedAfter":{"low":2,"high":0},"resultAvailableAfter":{"low":6,"high":0},"database":{"name":"neo4j"}}}"}
{"timestamp":"Sat Aug 31 2024 11:09:29 GMT+0530 (India Standard Time)","type":"info","message":"Login User"}
{"timestamp":"Sat Aug 31 2024 11:09:29 GMT+0530 (India Standard Time)","type":"info","message":"Input values: XYZ xyz@123#"}
{"timestamp":"Sat Aug 31 2024 11:09:29 GMT+0530 (India Standard Time)","type":"info","message":"Input values1: XYZ"}
{"timestamp":"Sat Aug 31 2024 11:09:29 GMT+0530 (India Standard Time)","type":"info","message":"session started for read"}
{"timestamp":"Sat Aug 31 2024 11:09:29 GMT+0530 (India Standard Time)","type":"info","message":"Connection done"}
{"timestamp":"Sat Aug 31 2024 11:09:29 GMT+0530 (India Standard Time)","type":"info","message":"Session started for checkLogin"}
{"timestamp":"Sat Aug 31 2024 11:09:29 GMT+0530 (India Standard Time)","type":"info","message":"login check query: MATCH (u:User) where (u.username=$username or u.emailId = $username or u.mobileNo = $username) and u.password = $password return u.username"}
{"timestamp":"Sat Aug 31 2024 11:09:29 GMT+0530 (India Standard Time)","type":"debug","message":"result: {"records":[{"keys":["u.username"],"length":1,"_fields":["XYZ"],"_fieldLookup":{"u.username":0}}],"summary":{"query":{"text":"MATCH (u:User) where (u.username=$username or u.emailId = $username or u.mobileNo = $username) and u.password = $password return u.username","parameters":{"username":"XYZ","password":"xyz@123#"}},"queryType":"r","counters":{"_stats":{"nodesCreated":0,"nodesDeleted":0,"relationshipsCreated":0,"relationshipsDeleted":0,"propertiesSet":0,"labelsAdded":0,"labelsRemoved":0,"indexesAdded":0,"indexesRemoved":0,"constraintsAdded":0,"constraintsRemoved":0},"_systemUpdates":0},"updateStatistics":{"_stats":{"nodesCreated":0,"nodesDeleted":0,"relationshipsCreated":0,"relationshipsDeleted":0,"propertiesSet":0,"labelsAdded":0,"labelsRemoved":0,"indexesAdded":0,"indexesRemoved":0,"constraintsAdded":0,"constraintsRemoved":0},"_systemUpdates":0},"plan":false,"profile":false,"notifications":[],"server":{"address":"localhost:7687","agent":"Neo4j/5.12.0","protocolVersion":5.3},"resultConsumedAfter":{"low":2,"high":0},"resultAvailableAfter":{"low":4,"high":0},"database":{"name":"neo4j"}}}"}
{"timestamp":"Sat Aug 31 2024 13:20:15 GMT+0530 (India Standard Time)","type":"info","message":"Sign Up User: [object Object]"}
{"timestamp":"Sat Aug 31 2024 13:20:15 GMT+0530 (India Standard Time)","type":"info","message":"Inside signup"}
{"timestamp":"Sat Aug 31 2024 13:20:15 GMT+0530 (India Standard Time)","type":"info","message":"session started for read"}
{"timestamp":"Sat Aug 31 2024 13:20:15 GMT+0530 (India Standard Time)","type":"info","message":"Connection done"}
{"timestamp":"Sat Aug 31 2024 13:20:15 GMT+0530 (India Standard Time)","type":"info","message":"Session started for checkLogin"}
{"timestamp":"Sat Aug 31 2024 13:20:15 GMT+0530 (India Standard Time)","type":"info","message":"login check query: MATCH (u:User) where u.username=$username or u.emailId = $emailId or u.mobileNo = $mobileNo return u"}
{"timestamp":"Sat Aug 31 2024 13:20:15 GMT+0530 (India Standard Time)","type":"debug","message":"result: {"records":[],"summary":{"query":{"text":"MATCH (u:User) where u.username=$username or u.emailId = $emailId or u.mobileNo = $mobileNo return u","parameters":{"username":"Deepshikha1999","emailId":"deepshikha01081999@gmail.com","mobileNo":"8602445791"}},"queryType":"r","counters":{"_stats":{"nodesCreated":0,"nodesDeleted":0,"relationshipsCreated":0,"relationshipsDeleted":0,"propertiesSet":0,"labelsAdded":0,"labelsRemoved":0,"indexesAdded":0,"indexesRemoved":0,"constraintsAdded":0,"constraintsRemoved":0},"_systemUpdates":0},"updateStatistics":{"_stats":{"nodesCreated":0,"nodesDeleted":0,"relationshipsCreated":0,"relationshipsDeleted":0,"propertiesSet":0,"labelsAdded":0,"labelsRemoved":0,"indexesAdded":0,"indexesRemoved":0,"constraintsAdded":0,"constraintsRemoved":0},"_systemUpdates":0},"plan":false,"profile":false,"notifications":[],"server":{"address":"localhost:7687","agent":"Neo4j/5.12.0","protocolVersion":5.3},"resultConsumedAfter":{"low":2,"high":0},"resultAvailableAfter":{"low":77,"high":0},"database":{"name":"neo4j"}}}"}
{"timestamp":"Sat Aug 31 2024 13:20:15 GMT+0530 (India Standard Time)","type":"info","message":"Inside createUser"}
{"timestamp":"Sat Aug 31 2024 13:20:15 GMT+0530 (India Standard Time)","type":"info","message":"session started for write"}
{"timestamp":"Sat Aug 31 2024 13:20:15 GMT+0530 (India Standard Time)","type":"info","message":"Connection done"}
{"timestamp":"Sat Aug 31 2024 13:20:15 GMT+0530 (India Standard Time)","type":"debug","message":"dbResponse: {"records":[{"keys":["u"],"length":1,"_fields":[{"identity":{"low":25,"high":0},"labels":["User"],"properties":{"password":"123456","orgName":"Deepshikha","emailId":"deepshikha01081999@gmail.com","mobileNo":"8602445791","username":"Deepshikha1999"},"elementId":"4:9e822ff5-dbf8-4773-9ba4-6686c280e9c4:25"}],"_fieldLookup":{"u":0}}],"summary":{"query":{"text":"CREATE(u:User{username:$username,password:$password,orgName:$orgName,emailId:$emailId,mobileNo:$mobileNo}) return u","parameters":{"username":"Deepshikha1999","orgName":"Deepshikha","emailId":"deepshikha01081999@gmail.com","mobileNo":"8602445791","password":"123456"}},"queryType":"rw","counters":{"_stats":{"nodesCreated":1,"nodesDeleted":0,"relationshipsCreated":0,"relationshipsDeleted":0,"propertiesSet":5,"labelsAdded":1,"labelsRemoved":0,"indexesAdded":0,"indexesRemoved":0,"constraintsAdded":0,"constraintsRemoved":0},"_systemUpdates":0,"_containsUpdates":true},"updateStatistics":{"_stats":{"nodesCreated":1,"nodesDeleted":0,"relationshipsCreated":0,"relationshipsDeleted":0,"propertiesSet":5,"labelsAdded":1,"labelsRemoved":0,"indexesAdded":0,"indexesRemoved":0,"constraintsAdded":0,"constraintsRemoved":0},"_systemUpdates":0,"_containsUpdates":true},"plan":false,"profile":false,"notifications":[],"server":{"address":"localhost:7687","agent":"Neo4j/5.12.0","protocolVersion":5.3},"resultConsumedAfter":{"low":5,"high":0},"resultAvailableAfter":{"low":20,"high":0},"database":{"name":"neo4j"}}}"}
{"timestamp":"Sat Aug 31 2024 13:20:39 GMT+0530 (India Standard Time)","type":"info","message":"Login User"}
{"timestamp":"Sat Aug 31 2024 13:20:39 GMT+0530 (India Standard Time)","type":"info","message":"Input values: Deepshikha1999 123456"}
{"timestamp":"Sat Aug 31 2024 13:20:39 GMT+0530 (India Standard Time)","type":"info","message":"Input values1: Deepshikha1999"}
{"timestamp":"Sat Aug 31 2024 13:20:39 GMT+0530 (India Standard Time)","type":"info","message":"session started for read"}
{"timestamp":"Sat Aug 31 2024 13:20:39 GMT+0530 (India Standard Time)","type":"info","message":"Connection done"}
{"timestamp":"Sat Aug 31 2024 13:20:39 GMT+0530 (India Standard Time)","type":"info","message":"Session started for checkLogin"}
{"timestamp":"Sat Aug 31 2024 13:20:39 GMT+0530 (India Standard Time)","type":"info","message":"login check query: MATCH (u:User) where (u.username=$username or u.emailId = $username or u.mobileNo = $username) and u.password = $password return u.username"}
{"timestamp":"Sat Aug 31 2024 13:20:39 GMT+0530 (India Standard Time)","type":"debug","message":"result: {"records":[{"keys":["u.username"],"length":1,"_fields":["Deepshikha1999"],"_fieldLookup":{"u.username":0}}],"summary":{"query":{"text":"MATCH (u:User) where (u.username=$username or u.emailId = $username or u.mobileNo = $username) and u.password = $password return u.username","parameters":{"username":"Deepshikha1999","password":"123456"}},"queryType":"r","counters":{"_stats":{"nodesCreated":0,"nodesDeleted":0,"relationshipsCreated":0,"relationshipsDeleted":0,"propertiesSet":0,"labelsAdded":0,"labelsRemoved":0,"indexesAdded":0,"indexesRemoved":0,"constraintsAdded":0,"constraintsRemoved":0},"_systemUpdates":0},"updateStatistics":{"_stats":{"nodesCreated":0,"nodesDeleted":0,"relationshipsCreated":0,"relationshipsDeleted":0,"propertiesSet":0,"labelsAdded":0,"labelsRemoved":0,"indexesAdded":0,"indexesRemoved":0,"constraintsAdded":0,"constraintsRemoved":0},"_systemUpdates":0},"plan":false,"profile":false,"notifications":[],"server":{"address":"localhost:7687","agent":"Neo4j/5.12.0","protocolVersion":5.3},"resultConsumedAfter":{"low":0,"high":0},"resultAvailableAfter":{"low":67,"high":0},"database":{"name":"neo4j"}}}"}
{"timestamp":"Sat Aug 31 2024 13:21:16 GMT+0530 (India Standard Time)","type":"info","message":"Sign Up User: [object Object]"}
{"timestamp":"Sat Aug 31 2024 13:21:16 GMT+0530 (India Standard Time)","type":"info","message":"Inside signup"}
{"timestamp":"Sat Aug 31 2024 13:21:16 GMT+0530 (India Standard Time)","type":"info","message":"session started for read"}
{"timestamp":"Sat Aug 31 2024 13:21:16 GMT+0530 (India Standard Time)","type":"info","message":"Connection done"}
{"timestamp":"Sat Aug 31 2024 13:21:16 GMT+0530 (India Standard Time)","type":"info","message":"Session started for checkLogin"}
{"timestamp":"Sat Aug 31 2024 13:21:16 GMT+0530 (India Standard Time)","type":"info","message":"login check query: MATCH (u:User) where u.username=$username or u.emailId = $emailId or u.mobileNo = $mobileNo return u"}
{"timestamp":"Sat Aug 31 2024 13:21:16 GMT+0530 (India Standard Time)","type":"debug","message":"result: {"records":[{"keys":["u"],"length":1,"_fields":[{"identity":{"low":25,"high":0},"labels":["User"],"properties":{"password":"123456","orgName":"Deepshikha","emailId":"deepshikha01081999@gmail.com","mobileNo":"8602445791","username":"Deepshikha1999"},"elementId":"4:9e822ff5-dbf8-4773-9ba4-6686c280e9c4:25"}],"_fieldLookup":{"u":0}}],"summary":{"query":{"text":"MATCH (u:User) where u.username=$username or u.emailId = $emailId or u.mobileNo = $mobileNo return u","parameters":{"username":"Deepshikha1999","emailId":"deepshikha01081999@gmail.com","mobileNo":"8602445791"}},"queryType":"r","counters":{"_stats":{"nodesCreated":0,"nodesDeleted":0,"relationshipsCreated":0,"relationshipsDeleted":0,"propertiesSet":0,"labelsAdded":0,"labelsRemoved":0,"indexesAdded":0,"indexesRemoved":0,"constraintsAdded":0,"constraintsRemoved":0},"_systemUpdates":0},"updateStatistics":{"_stats":{"nodesCreated":0,"nodesDeleted":0,"relationshipsCreated":0,"relationshipsDeleted":0,"propertiesSet":0,"labelsAdded":0,"labelsRemoved":0,"indexesAdded":0,"indexesRemoved":0,"constraintsAdded":0,"constraintsRemoved":0},"_systemUpdates":0},"plan":false,"profile":false,"notifications":[],"server":{"address":"localhost:7687","agent":"Neo4j/5.12.0","protocolVersion":5.3},"resultConsumedAfter":{"low":4,"high":0},"resultAvailableAfter":{"low":28,"high":0},"database":{"name":"neo4j"}}}"}
{"timestamp":"Sat Aug 31 2024 13:22:18 GMT+0530 (India Standard Time)","type":"info","message":"Sign Up User: [object Object]"}
{"timestamp":"Sat Aug 31 2024 13:22:18 GMT+0530 (India Standard Time)","type":"info","message":"Inside signup"}
{"timestamp":"Sat Aug 31 2024 13:22:18 GMT+0530 (India Standard Time)","type":"info","message":"session started for read"}
{"timestamp":"Sat Aug 31 2024 13:22:18 GMT+0530 (India Standard Time)","type":"info","message":"Connection done"}
{"timestamp":"Sat Aug 31 2024 13:22:18 GMT+0530 (India Standard Time)","type":"info","message":"Session started for checkLogin"}
{"timestamp":"Sat Aug 31 2024 13:22:18 GMT+0530 (India Standard Time)","type":"info","message":"login check query: MATCH (u:User) where u.username=$username or u.emailId = $emailId or u.mobileNo = $mobileNo return u"}
{"timestamp":"Sat Aug 31 2024 13:22:18 GMT+0530 (India Standard Time)","type":"debug","message":"result: {"records":[{"keys":["u"],"length":1,"_fields":[{"identity":{"low":25,"high":0},"labels":["User"],"properties":{"password":"123456","orgName":"Deepshikha","emailId":"deepshikha01081999@gmail.com","mobileNo":"8602445791","username":"Deepshikha1999"},"elementId":"4:9e822ff5-dbf8-4773-9ba4-6686c280e9c4:25"}],"_fieldLookup":{"u":0}}],"summary":{"query":{"text":"MATCH (u:User) where u.username=$username or u.emailId = $emailId or u.mobileNo = $mobileNo return u","parameters":{"username":"Deepshikha","emailId":"deepshikha01081999@gmail.com","mobileNo":"8602445791"}},"queryType":"r","counters":{"_stats":{"nodesCreated":0,"nodesDeleted":0,"relationshipsCreated":0,"relationshipsDeleted":0,"propertiesSet":0,"labelsAdded":0,"labelsRemoved":0,"indexesAdded":0,"indexesRemoved":0,"constraintsAdded":0,"constraintsRemoved":0},"_systemUpdates":0},"updateStatistics":{"_stats":{"nodesCreated":0,"nodesDeleted":0,"relationshipsCreated":0,"relationshipsDeleted":0,"propertiesSet":0,"labelsAdded":0,"labelsRemoved":0,"indexesAdded":0,"indexesRemoved":0,"constraintsAdded":0,"constraintsRemoved":0},"_systemUpdates":0},"plan":false,"profile":false,"notifications":[],"server":{"address":"localhost:7687","agent":"Neo4j/5.12.0","protocolVersion":5.3},"resultConsumedAfter":{"low":1,"high":0},"resultAvailableAfter":{"low":3,"high":0},"database":{"name":"neo4j"}}}"}
{"timestamp":"Sat Aug 31 2024 13:23:45 GMT+0530 (India Standard Time)","type":"info","message":"Sign Up User: [object Object]"}
{"timestamp":"Sat Aug 31 2024 13:23:45 GMT+0530 (India Standard Time)","type":"info","message":"Inside signup"}
{"timestamp":"Sat Aug 31 2024 13:23:45 GMT+0530 (India Standard Time)","type":"info","message":"session started for read"}
{"timestamp":"Sat Aug 31 2024 13:23:45 GMT+0530 (India Standard Time)","type":"info","message":"Connection done"}
{"timestamp":"Sat Aug 31 2024 13:23:45 GMT+0530 (India Standard Time)","type":"info","message":"Session started for checkLogin"}
{"timestamp":"Sat Aug 31 2024 13:23:45 GMT+0530 (India Standard Time)","type":"info","message":"login check query: MATCH (u:User) where u.username=$username or u.emailId = $emailId or u.mobileNo = $mobileNo return u"}
{"timestamp":"Sat Aug 31 2024 13:23:45 GMT+0530 (India Standard Time)","type":"debug","message":"result: {"records":[{"keys":["u"],"length":1,"_fields":[{"identity":{"low":25,"high":0},"labels":["User"],"properties":{"password":"123456","orgName":"Deepshikha","emailId":"deepshikha01081999@gmail.com","mobileNo":"8602445791","username":"Deepshikha1999"},"elementId":"4:9e822ff5-dbf8-4773-9ba4-6686c280e9c4:25"}],"_fieldLookup":{"u":0}}],"summary":{"query":{"text":"MATCH (u:User) where u.username=$username or u.emailId = $emailId or u.mobileNo = $mobileNo return u","parameters":{"username":"Deepshikha","emailId":"deep@gmail.com","mobileNo":"8602445791"}},"queryType":"r","counters":{"_stats":{"nodesCreated":0,"nodesDeleted":0,"relationshipsCreated":0,"relationshipsDeleted":0,"propertiesSet":0,"labelsAdded":0,"labelsRemoved":0,"indexesAdded":0,"indexesRemoved":0,"constraintsAdded":0,"constraintsRemoved":0},"_systemUpdates":0},"updateStatistics":{"_stats":{"nodesCreated":0,"nodesDeleted":0,"relationshipsCreated":0,"relationshipsDeleted":0,"propertiesSet":0,"labelsAdded":0,"labelsRemoved":0,"indexesAdded":0,"indexesRemoved":0,"constraintsAdded":0,"constraintsRemoved":0},"_systemUpdates":0},"plan":false,"profile":false,"notifications":[],"server":{"address":"localhost:7687","agent":"Neo4j/5.12.0","protocolVersion":5.3},"resultConsumedAfter":{"low":1,"high":0},"resultAvailableAfter":{"low":3,"high":0},"database":{"name":"neo4j"}}}"}
{"timestamp":"Sat Aug 31 2024 13:42:27 GMT+0530 (India Standard Time)","type":"info","message":"Sign Up User: [object Object]"}
{"timestamp":"Sat Aug 31 2024 13:42:27 GMT+0530 (India Standard Time)","type":"info","message":"Inside signup"}
{"timestamp":"Sat Aug 31 2024 13:42:27 GMT+0530 (India Standard Time)","type":"info","message":"session started for read"}
{"timestamp":"Sat Aug 31 2024 13:42:27 GMT+0530 (India Standard Time)","type":"info","message":"Connection done"}
{"timestamp":"Sat Aug 31 2024 13:42:27 GMT+0530 (India Standard Time)","type":"info","message":"Session started for checkLogin"}
{"timestamp":"Sat Aug 31 2024 13:42:27 GMT+0530 (India Standard Time)","type":"info","message":"login check query: MATCH (u:User) where u.username=$username or u.emailId = $emailId or u.mobileNo = $mobileNo return u"}
{"timestamp":"Sat Aug 31 2024 13:42:27 GMT+0530 (India Standard Time)","type":"debug","message":"result: {"records":[{"keys":["u"],"length":1,"_fields":[{"identity":{"low":25,"high":0},"labels":["User"],"properties":{"password":"123456","orgName":"Deepshikha","emailId":"deepshikha01081999@gmail.com","mobileNo":"8602445791","username":"Deepshikha1999"},"elementId":"4:9e822ff5-dbf8-4773-9ba4-6686c280e9c4:25"}],"_fieldLookup":{"u":0}}],"summary":{"query":{"text":"MATCH (u:User) where u.username=$username or u.emailId = $emailId or u.mobileNo = $mobileNo return u","parameters":{"username":"Deepshikha1999","emailId":"email@gmail.com","mobileNo":"Mobile Number"}},"queryType":"r","counters":{"_stats":{"nodesCreated":0,"nodesDeleted":0,"relationshipsCreated":0,"relationshipsDeleted":0,"propertiesSet":0,"labelsAdded":0,"labelsRemoved":0,"indexesAdded":0,"indexesRemoved":0,"constraintsAdded":0,"constraintsRemoved":0},"_systemUpdates":0},"updateStatistics":{"_stats":{"nodesCreated":0,"nodesDeleted":0,"relationshipsCreated":0,"relationshipsDeleted":0,"propertiesSet":0,"labelsAdded":0,"labelsRemoved":0,"indexesAdded":0,"indexesRemoved":0,"constraintsAdded":0,"constraintsRemoved":0},"_systemUpdates":0},"plan":false,"profile":false,"notifications":[],"server":{"address":"localhost:7687","agent":"Neo4j/5.12.0","protocolVersion":5.3},"resultConsumedAfter":{"low":1,"high":0},"resultAvailableAfter":{"low":37,"high":0},"database":{"name":"neo4j"}}}"}
{"timestamp":"Sat Aug 31 2024 13:42:52 GMT+0530 (India Standard Time)","type":"info","message":"Sign Up User: [object Object]"}
{"timestamp":"Sat Aug 31 2024 13:42:52 GMT+0530 (India Standard Time)","type":"info","message":"Inside signup"}
{"timestamp":"Sat Aug 31 2024 13:42:52 GMT+0530 (India Standard Time)","type":"info","message":"session started for read"}
{"timestamp":"Sat Aug 31 2024 13:42:52 GMT+0530 (India Standard Time)","type":"info","message":"Connection done"}
{"timestamp":"Sat Aug 31 2024 13:42:52 GMT+0530 (India Standard Time)","type":"info","message":"Session started for checkLogin"}
{"timestamp":"Sat Aug 31 2024 13:42:52 GMT+0530 (India Standard Time)","type":"info","message":"login check query: MATCH (u:User) where u.username=$username or u.emailId = $emailId or u.mobileNo = $mobileNo return u"}
{"timestamp":"Sat Aug 31 2024 13:42:52 GMT+0530 (India Standard Time)","type":"debug","message":"result: {"records":[{"keys":["u"],"length":1,"_fields":[{"identity":{"low":25,"high":0},"labels":["User"],"properties":{"password":"123456","orgName":"Deepshikha","emailId":"deepshikha01081999@gmail.com","mobileNo":"8602445791","username":"Deepshikha1999"},"elementId":"4:9e822ff5-dbf8-4773-9ba4-6686c280e9c4:25"}],"_fieldLookup":{"u":0}}],"summary":{"query":{"text":"MATCH (u:User) where u.username=$username or u.emailId = $emailId or u.mobileNo = $mobileNo return u","parameters":{"username":"Deepshikha1999","emailId":"email@gmail.com","mobileNo":"Mobile Number"}},"queryType":"r","counters":{"_stats":{"nodesCreated":0,"nodesDeleted":0,"relationshipsCreated":0,"relationshipsDeleted":0,"propertiesSet":0,"labelsAdded":0,"labelsRemoved":0,"indexesAdded":0,"indexesRemoved":0,"constraintsAdded":0,"constraintsRemoved":0},"_systemUpdates":0},"updateStatistics":{"_stats":{"nodesCreated":0,"nodesDeleted":0,"relationshipsCreated":0,"relationshipsDeleted":0,"propertiesSet":0,"labelsAdded":0,"labelsRemoved":0,"indexesAdded":0,"indexesRemoved":0,"constraintsAdded":0,"constraintsRemoved":0},"_systemUpdates":0},"plan":false,"profile":false,"notifications":[],"server":{"address":"localhost:7687","agent":"Neo4j/5.12.0","protocolVersion":5.3},"resultConsumedAfter":{"low":2,"high":0},"resultAvailableAfter":{"low":1,"high":0},"database":{"name":"neo4j"}}}"}
{"timestamp":"Sat Aug 31 2024 20:06:10 GMT+0530 (India Standard Time)","type":"info","message":"Server started on port: 9002"}
{"timestamp":"Sat Aug 31 2024 20:06:27 GMT+0530 (India Standard Time)","type":"info","message":"Login User :[object Object]"}
{"timestamp":"Sat Aug 31 2024 20:06:27 GMT+0530 (India Standard Time)","type":"info","message":"Input values: Deepshikha1999 123456"}
{"timestamp":"Sat Aug 31 2024 20:06:27 GMT+0530 (India Standard Time)","type":"info","message":"Input values1: Deepshikha1999"}
{"timestamp":"Sat Aug 31 2024 20:06:27 GMT+0530 (India Standard Time)","type":"info","message":"session started for read"}
{"timestamp":"Sat Aug 31 2024 20:06:27 GMT+0530 (India Standard Time)","type":"info","message":"Connection done"}
{"timestamp":"Sat Aug 31 2024 20:06:27 GMT+0530 (India Standard Time)","type":"info","message":"Session started for checkLogin"}
{"timestamp":"Sat Aug 31 2024 20:06:27 GMT+0530 (India Standard Time)","type":"info","message":"login check query: MATCH (u:User) where (u.username=$username or u.emailId = $username or u.mobileNo = $username) and u.password = $password return u.username"}
{"timestamp":"Sat Aug 31 2024 20:06:27 GMT+0530 (India Standard Time)","type":"debug","message":"result: {"records":[{"keys":["u.username"],"length":1,"_fields":["Deepshikha1999"],"_fieldLookup":{"u.username":0}}],"summary":{"query":{"text":"MATCH (u:User) where (u.username=$username or u.emailId = $username or u.mobileNo = $username) and u.password = $password return u.username","parameters":{"username":"Deepshikha1999","password":"123456"}},"queryType":"r","counters":{"_stats":{"nodesCreated":0,"nodesDeleted":0,"relationshipsCreated":0,"relationshipsDeleted":0,"propertiesSet":0,"labelsAdded":0,"labelsRemoved":0,"indexesAdded":0,"indexesRemoved":0,"constraintsAdded":0,"constraintsRemoved":0},"_systemUpdates":0},"updateStatistics":{"_stats":{"nodesCreated":0,"nodesDeleted":0,"relationshipsCreated":0,"relationshipsDeleted":0,"propertiesSet":0,"labelsAdded":0,"labelsRemoved":0,"indexesAdded":0,"indexesRemoved":0,"constraintsAdded":0,"constraintsRemoved":0},"_systemUpdates":0},"plan":false,"profile":false,"notifications":[],"server":{"address":"localhost:7687","agent":"Neo4j/5.12.0","protocolVersion":5.3},"resultConsumedAfter":{"low":2,"high":0},"resultAvailableAfter":{"low":91,"high":0},"database":{"name":"neo4j"}}}"}
{"timestamp":"Sat Aug 31 2024 20:25:10 GMT+0530 (India Standard Time)","type":"info","message":"Server started on port: 9002"}
{"timestamp":"Sat Aug 31 2024 20:25:41 GMT+0530 (India Standard Time)","type":"info","message":"Create Task: [object Object]"}
{"timestamp":"Sat Aug 31 2024 20:26:09 GMT+0530 (India Standard Time)","type":"info","message":"Server started on port: 9002"}
{"timestamp":"Sat Aug 31 2024 20:26:14 GMT+0530 (India Standard Time)","type":"info","message":"Create Task: [object Object]"}
