{"timestamp":"Fri Aug 30 2024 22:03:33 GMT+0530 (India Standard Time)","type":"info","message":"Sign Up User: [object Object]"}
{"timestamp":"Fri Aug 30 2024 22:03:33 GMT+0530 (India Standard Time)","type":"info","message":"Inside signup"}
{"timestamp":"Fri Aug 30 2024 22:04:32 GMT+0530 (India Standard Time)","type":"info","message":"Server started on port: 9002"}
{"timestamp":"Fri Aug 30 2024 22:04:37 GMT+0530 (India Standard Time)","type":"info","message":"Sign Up User: [object Object]"}
{"timestamp":"Fri Aug 30 2024 22:04:37 GMT+0530 (India Standard Time)","type":"info","message":"Inside signup"}
{"timestamp":"Fri Aug 30 2024 22:04:50 GMT+0530 (India Standard Time)","type":"info","message":"Sign Up User: [object Object]"}
{"timestamp":"Fri Aug 30 2024 22:04:50 GMT+0530 (India Standard Time)","type":"info","message":"Inside signup"}
{"timestamp":"Fri Aug 30 2024 22:07:10 GMT+0530 (India Standard Time)","type":"info","message":"Sign Up User: [object Object]"}
{"timestamp":"Fri Aug 30 2024 22:07:10 GMT+0530 (India Standard Time)","type":"info","message":"Inside signup"}
{"timestamp":"Fri Aug 30 2024 22:09:49 GMT+0530 (India Standard Time)","type":"info","message":"Server started on port: 9002"}
{"timestamp":"Fri Aug 30 2024 22:10:02 GMT+0530 (India Standard Time)","type":"info","message":"Sign Up User: [object Object]"}
{"timestamp":"Fri Aug 30 2024 22:10:02 GMT+0530 (India Standard Time)","type":"info","message":"Inside signup"}
{"timestamp":"Fri Aug 30 2024 22:11:00 GMT+0530 (India Standard Time)","type":"info","message":"Server started on port: 9002"}
{"timestamp":"Fri Aug 30 2024 22:11:05 GMT+0530 (India Standard Time)","type":"info","message":"Sign Up User: [object Object]"}
{"timestamp":"Fri Aug 30 2024 22:11:05 GMT+0530 (India Standard Time)","type":"info","message":"Inside signup"}
{"timestamp":"Fri Aug 30 2024 23:06:38 GMT+0530 (India Standard Time)","type":"info","message":"Server started on port: 9002"}
{"timestamp":"Fri Aug 30 2024 23:06:43 GMT+0530 (India Standard Time)","type":"info","message":"Sign Up User: [object Object]"}
{"timestamp":"Fri Aug 30 2024 23:06:43 GMT+0530 (India Standard Time)","type":"info","message":"Inside signup"}
{"timestamp":"Fri Aug 30 2024 23:06:43 GMT+0530 (India Standard Time)","type":"info","message":"Inside createUser"}
{"timestamp":"Fri Aug 30 2024 23:06:43 GMT+0530 (India Standard Time)","type":"info","message":"session started for write"}
{"timestamp":"Fri Aug 30 2024 23:06:43 GMT+0530 (India Standard Time)","type":"info","message":"Connection done"}
{"timestamp":"Fri Aug 30 2024 23:06:43 GMT+0530 (India Standard Time)","type":"error","message":"Error in createUser"}
{"timestamp":"Fri Aug 30 2024 23:06:43 GMT+0530 (India Standard Time)","type":"error","message":"Neo4jError: Invalid input '&': expected "NOT" or an expression (line 1, column 61 (offset: 60))
"CREATE(u:User{username:$username,password:$password,orgName:&orgName,emailId:$emailId,mobileNo:$mobileNo}) return u"
                                                             ^"}
{"timestamp":"Fri Aug 30 2024 23:06:43 GMT+0530 (India Standard Time)","type":"error","message":"Error in signup"}
{"timestamp":"Fri Aug 30 2024 23:06:43 GMT+0530 (India Standard Time)","type":"error","message":"[object Object]"}
{"timestamp":"Fri Aug 30 2024 23:09:14 GMT+0530 (India Standard Time)","type":"info","message":"Server started on port: 9002"}
{"timestamp":"Fri Aug 30 2024 23:09:18 GMT+0530 (India Standard Time)","type":"info","message":"Sign Up User: [object Object]"}
{"timestamp":"Fri Aug 30 2024 23:09:18 GMT+0530 (India Standard Time)","type":"info","message":"Inside signup"}
{"timestamp":"Fri Aug 30 2024 23:09:18 GMT+0530 (India Standard Time)","type":"info","message":"Inside createUser"}
{"timestamp":"Fri Aug 30 2024 23:09:18 GMT+0530 (India Standard Time)","type":"info","message":"session started for write"}
{"timestamp":"Fri Aug 30 2024 23:09:18 GMT+0530 (India Standard Time)","type":"info","message":"Connection done"}
{"timestamp":"Fri Aug 30 2024 23:14:06 GMT+0530 (India Standard Time)","type":"info","message":"Server started on port: 9002"}
{"timestamp":"Fri Aug 30 2024 23:14:15 GMT+0530 (India Standard Time)","type":"info","message":"Sign Up User: [object Object]"}
{"timestamp":"Fri Aug 30 2024 23:14:15 GMT+0530 (India Standard Time)","type":"info","message":"Inside signup"}
{"timestamp":"Fri Aug 30 2024 23:14:15 GMT+0530 (India Standard Time)","type":"info","message":"Inside createUser"}
{"timestamp":"Fri Aug 30 2024 23:14:15 GMT+0530 (India Standard Time)","type":"info","message":"session started for write"}
{"timestamp":"Fri Aug 30 2024 23:14:15 GMT+0530 (India Standard Time)","type":"info","message":"Connection done"}
{"timestamp":"Fri Aug 30 2024 23:14:15 GMT+0530 (India Standard Time)","type":"debug","message":"dbResponse: {"records":[{"keys":["u"],"length":1,"_fields":[{"identity":{"low":25,"high":0},"labels":["User"],"properties":{"password":"xyz@123#","orgName":"XYZ PQR","emailId":"xyzpqr@gmail.com","mobileNo":"9876543210","username":"XYZ"},"elementId":"4:9e822ff5-dbf8-4773-9ba4-6686c280e9c4:25"}],"_fieldLookup":{"u":0}}],"summary":{"query":{"text":"CREATE(u:User{username:$username,password:$password,orgName:$orgName,emailId:$emailId,mobileNo:$mobileNo}) return u","parameters":{"username":"XYZ","orgName":"XYZ PQR","password":"xyz@123#","emailId":"xyzpqr@gmail.com","mobileNo":"9876543210"}},"queryType":"rw","counters":{"_stats":{"nodesCreated":1,"nodesDeleted":0,"relationshipsCreated":0,"relationshipsDeleted":0,"propertiesSet":5,"labelsAdded":1,"labelsRemoved":0,"indexesAdded":0,"indexesRemoved":0,"constraintsAdded":0,"constraintsRemoved":0},"_systemUpdates":0,"_containsUpdates":true},"updateStatistics":{"_stats":{"nodesCreated":1,"nodesDeleted":0,"relationshipsCreated":0,"relationshipsDeleted":0,"propertiesSet":5,"labelsAdded":1,"labelsRemoved":0,"indexesAdded":0,"indexesRemoved":0,"constraintsAdded":0,"constraintsRemoved":0},"_systemUpdates":0,"_containsUpdates":true},"plan":false,"profile":false,"notifications":[],"server":{"address":"localhost:7687","agent":"Neo4j/5.12.0","protocolVersion":5.3},"resultConsumedAfter":{"low":5,"high":0},"resultAvailableAfter":{"low":10,"high":0},"database":{"name":"neo4j"}}}"}
{"timestamp":"Fri Aug 30 2024 23:14:15 GMT+0530 (India Standard Time)","type":"error","message":"Error in signup"}
{"timestamp":"Fri Aug 30 2024 23:14:15 GMT+0530 (India Standard Time)","type":"error","message":"ReferenceError: session is not defined"}
{"timestamp":"Fri Aug 30 2024 23:15:03 GMT+0530 (India Standard Time)","type":"info","message":"Server started on port: 9002"}
{"timestamp":"Fri Aug 30 2024 23:15:07 GMT+0530 (India Standard Time)","type":"info","message":"Sign Up User: [object Object]"}
{"timestamp":"Fri Aug 30 2024 23:15:07 GMT+0530 (India Standard Time)","type":"info","message":"Inside signup"}
{"timestamp":"Fri Aug 30 2024 23:15:07 GMT+0530 (India Standard Time)","type":"info","message":"Inside createUser"}
{"timestamp":"Fri Aug 30 2024 23:15:07 GMT+0530 (India Standard Time)","type":"info","message":"session started for write"}
{"timestamp":"Fri Aug 30 2024 23:15:07 GMT+0530 (India Standard Time)","type":"info","message":"Connection done"}
{"timestamp":"Fri Aug 30 2024 23:15:07 GMT+0530 (India Standard Time)","type":"debug","message":"dbResponse: {"records":[{"keys":["u"],"length":1,"_fields":[{"identity":{"low":0,"high":0},"labels":["User"],"properties":{"password":"xyz@123#","orgName":"XYZ PQR","emailId":"xyzpqr@gmail.com","mobileNo":"9876543210","username":"XYZ"},"elementId":"4:9e822ff5-dbf8-4773-9ba4-6686c280e9c4:0"}],"_fieldLookup":{"u":0}}],"summary":{"query":{"text":"CREATE(u:User{username:$username,password:$password,orgName:$orgName,emailId:$emailId,mobileNo:$mobileNo}) return u","parameters":{"username":"XYZ","orgName":"XYZ PQR","password":"xyz@123#","emailId":"xyzpqr@gmail.com","mobileNo":"9876543210"}},"queryType":"rw","counters":{"_stats":{"nodesCreated":1,"nodesDeleted":0,"relationshipsCreated":0,"relationshipsDeleted":0,"propertiesSet":5,"labelsAdded":1,"labelsRemoved":0,"indexesAdded":0,"indexesRemoved":0,"constraintsAdded":0,"constraintsRemoved":0},"_systemUpdates":0,"_containsUpdates":true},"updateStatistics":{"_stats":{"nodesCreated":1,"nodesDeleted":0,"relationshipsCreated":0,"relationshipsDeleted":0,"propertiesSet":5,"labelsAdded":1,"labelsRemoved":0,"indexesAdded":0,"indexesRemoved":0,"constraintsAdded":0,"constraintsRemoved":0},"_systemUpdates":0,"_containsUpdates":true},"plan":false,"profile":false,"notifications":[],"server":{"address":"localhost:7687","agent":"Neo4j/5.12.0","protocolVersion":5.3},"resultConsumedAfter":{"low":4,"high":0},"resultAvailableAfter":{"low":2,"high":0},"database":{"name":"neo4j"}}}"}
{"timestamp":"Fri Aug 30 2024 23:21:21 GMT+0530 (India Standard Time)","type":"info","message":"Server started on port: 9002"}
{"timestamp":"Fri Aug 30 2024 23:21:29 GMT+0530 (India Standard Time)","type":"info","message":"Sign Up User: [object Object]"}
{"timestamp":"Fri Aug 30 2024 23:21:29 GMT+0530 (India Standard Time)","type":"info","message":"Inside signup"}
{"timestamp":"Fri Aug 30 2024 23:21:29 GMT+0530 (India Standard Time)","type":"info","message":"session started for read"}
{"timestamp":"Fri Aug 30 2024 23:21:29 GMT+0530 (India Standard Time)","type":"info","message":"Connection done"}
{"timestamp":"Fri Aug 30 2024 23:21:29 GMT+0530 (India Standard Time)","type":"info","message":"Session started for checkLogin"}
{"timestamp":"Fri Aug 30 2024 23:21:29 GMT+0530 (India Standard Time)","type":"info","message":"login check query: MATCH (u:User) where u.username=$username or u.emailId = $emailId or u.mobileNo = $mobileNo return u"}
{"timestamp":"Fri Aug 30 2024 23:21:29 GMT+0530 (India Standard Time)","type":"debug","message":"result: {"records":[{"keys":["u"],"length":1,"_fields":[{"identity":{"low":0,"high":0},"labels":["User"],"properties":{"password":"xyz@123#","orgName":"XYZ PQR","emailId":"xyzpqr@gmail.com","mobileNo":"9876543210","username":"XYZ"},"elementId":"4:9e822ff5-dbf8-4773-9ba4-6686c280e9c4:0"}],"_fieldLookup":{"u":0}},{"keys":["u"],"length":1,"_fields":[{"identity":{"low":25,"high":0},"labels":["User"],"properties":{"password":"xyz@123#","orgName":"XYZ PQR","emailId":"xyzpqr@gmail.com","mobileNo":"9876543210","username":"XYZ"},"elementId":"4:9e822ff5-dbf8-4773-9ba4-6686c280e9c4:25"}],"_fieldLookup":{"u":0}}],"summary":{"query":{"text":"MATCH (u:User) where u.username=$username or u.emailId = $emailId or u.mobileNo = $mobileNo return u","parameters":{"username":"XYZ","emailId":"xyzpqr@gmail.com","mobileNo":"9876543210"}},"queryType":"r","counters":{"_stats":{"nodesCreated":0,"nodesDeleted":0,"relationshipsCreated":0,"relationshipsDeleted":0,"propertiesSet":0,"labelsAdded":0,"labelsRemoved":0,"indexesAdded":0,"indexesRemoved":0,"constraintsAdded":0,"constraintsRemoved":0},"_systemUpdates":0},"updateStatistics":{"_stats":{"nodesCreated":0,"nodesDeleted":0,"relationshipsCreated":0,"relationshipsDeleted":0,"propertiesSet":0,"labelsAdded":0,"labelsRemoved":0,"indexesAdded":0,"indexesRemoved":0,"constraintsAdded":0,"constraintsRemoved":0},"_systemUpdates":0},"plan":false,"profile":false,"notifications":[],"server":{"address":"localhost:7687","agent":"Neo4j/5.12.0","protocolVersion":5.3},"resultConsumedAfter":{"low":1,"high":0},"resultAvailableAfter":{"low":57,"high":0},"database":{"name":"neo4j"}}}"}
{"timestamp":"Fri Aug 30 2024 23:22:30 GMT+0530 (India Standard Time)","type":"info","message":"Login User"}
{"timestamp":"Fri Aug 30 2024 23:22:30 GMT+0530 (India Standard Time)","type":"info","message":"Input values: XYZ xyz@123#"}
{"timestamp":"Fri Aug 30 2024 23:22:30 GMT+0530 (India Standard Time)","type":"info","message":"Input values1: XYZ"}
{"timestamp":"Fri Aug 30 2024 23:22:30 GMT+0530 (India Standard Time)","type":"info","message":"session started for read"}
{"timestamp":"Fri Aug 30 2024 23:22:30 GMT+0530 (India Standard Time)","type":"info","message":"Connection done"}
{"timestamp":"Fri Aug 30 2024 23:22:30 GMT+0530 (India Standard Time)","type":"info","message":"Session started for checkLogin"}
{"timestamp":"Fri Aug 30 2024 23:22:30 GMT+0530 (India Standard Time)","type":"info","message":"login check query: MATCH (u:User) where (u.username=$username or u.emailId = $username or u.mobileNo = $username) and u.password = $password return u"}
{"timestamp":"Fri Aug 30 2024 23:22:30 GMT+0530 (India Standard Time)","type":"debug","message":"result: {"records":[{"keys":["u"],"length":1,"_fields":[{"identity":{"low":0,"high":0},"labels":["User"],"properties":{"password":"xyz@123#","orgName":"XYZ PQR","emailId":"xyzpqr@gmail.com","mobileNo":"9876543210","username":"XYZ"},"elementId":"4:9e822ff5-dbf8-4773-9ba4-6686c280e9c4:0"}],"_fieldLookup":{"u":0}},{"keys":["u"],"length":1,"_fields":[{"identity":{"low":25,"high":0},"labels":["User"],"properties":{"password":"xyz@123#","orgName":"XYZ PQR","emailId":"xyzpqr@gmail.com","mobileNo":"9876543210","username":"XYZ"},"elementId":"4:9e822ff5-dbf8-4773-9ba4-6686c280e9c4:25"}],"_fieldLookup":{"u":0}}],"summary":{"query":{"text":"MATCH (u:User) where (u.username=$username or u.emailId = $username or u.mobileNo = $username) and u.password = $password return u","parameters":{"username":"XYZ","password":"xyz@123#"}},"queryType":"r","counters":{"_stats":{"nodesCreated":0,"nodesDeleted":0,"relationshipsCreated":0,"relationshipsDeleted":0,"propertiesSet":0,"labelsAdded":0,"labelsRemoved":0,"indexesAdded":0,"indexesRemoved":0,"constraintsAdded":0,"constraintsRemoved":0},"_systemUpdates":0},"updateStatistics":{"_stats":{"nodesCreated":0,"nodesDeleted":0,"relationshipsCreated":0,"relationshipsDeleted":0,"propertiesSet":0,"labelsAdded":0,"labelsRemoved":0,"indexesAdded":0,"indexesRemoved":0,"constraintsAdded":0,"constraintsRemoved":0},"_systemUpdates":0},"plan":false,"profile":false,"notifications":[],"server":{"address":"localhost:7687","agent":"Neo4j/5.12.0","protocolVersion":5.3},"resultConsumedAfter":{"low":2,"high":0},"resultAvailableAfter":{"low":54,"high":0},"database":{"name":"neo4j"}}}"}
{"timestamp":"Fri Aug 30 2024 23:22:44 GMT+0530 (India Standard Time)","type":"info","message":"Login User"}
{"timestamp":"Fri Aug 30 2024 23:22:44 GMT+0530 (India Standard Time)","type":"info","message":"Input values: xyzpqr@gmail.com xyz@123#"}
{"timestamp":"Fri Aug 30 2024 23:22:44 GMT+0530 (India Standard Time)","type":"info","message":"Input values1: xyzpqr@gmail.com"}
{"timestamp":"Fri Aug 30 2024 23:22:44 GMT+0530 (India Standard Time)","type":"info","message":"session started for read"}
{"timestamp":"Fri Aug 30 2024 23:22:44 GMT+0530 (India Standard Time)","type":"info","message":"Connection done"}
{"timestamp":"Fri Aug 30 2024 23:22:44 GMT+0530 (India Standard Time)","type":"info","message":"Session started for checkLogin"}
{"timestamp":"Fri Aug 30 2024 23:22:44 GMT+0530 (India Standard Time)","type":"info","message":"login check query: MATCH (u:User) where (u.username=$username or u.emailId = $username or u.mobileNo = $username) and u.password = $password return u"}
{"timestamp":"Fri Aug 30 2024 23:22:44 GMT+0530 (India Standard Time)","type":"debug","message":"result: {"records":[{"keys":["u"],"length":1,"_fields":[{"identity":{"low":0,"high":0},"labels":["User"],"properties":{"password":"xyz@123#","orgName":"XYZ PQR","emailId":"xyzpqr@gmail.com","mobileNo":"9876543210","username":"XYZ"},"elementId":"4:9e822ff5-dbf8-4773-9ba4-6686c280e9c4:0"}],"_fieldLookup":{"u":0}},{"keys":["u"],"length":1,"_fields":[{"identity":{"low":25,"high":0},"labels":["User"],"properties":{"password":"xyz@123#","orgName":"XYZ PQR","emailId":"xyzpqr@gmail.com","mobileNo":"9876543210","username":"XYZ"},"elementId":"4:9e822ff5-dbf8-4773-9ba4-6686c280e9c4:25"}],"_fieldLookup":{"u":0}}],"summary":{"query":{"text":"MATCH (u:User) where (u.username=$username or u.emailId = $username or u.mobileNo = $username) and u.password = $password return u","parameters":{"username":"xyzpqr@gmail.com","password":"xyz@123#"}},"queryType":"r","counters":{"_stats":{"nodesCreated":0,"nodesDeleted":0,"relationshipsCreated":0,"relationshipsDeleted":0,"propertiesSet":0,"labelsAdded":0,"labelsRemoved":0,"indexesAdded":0,"indexesRemoved":0,"constraintsAdded":0,"constraintsRemoved":0},"_systemUpdates":0},"updateStatistics":{"_stats":{"nodesCreated":0,"nodesDeleted":0,"relationshipsCreated":0,"relationshipsDeleted":0,"propertiesSet":0,"labelsAdded":0,"labelsRemoved":0,"indexesAdded":0,"indexesRemoved":0,"constraintsAdded":0,"constraintsRemoved":0},"_systemUpdates":0},"plan":false,"profile":false,"notifications":[],"server":{"address":"localhost:7687","agent":"Neo4j/5.12.0","protocolVersion":5.3},"resultConsumedAfter":{"low":0,"high":0},"resultAvailableAfter":{"low":29,"high":0},"database":{"name":"neo4j"}}}"}
{"timestamp":"Fri Aug 30 2024 23:22:55 GMT+0530 (India Standard Time)","type":"info","message":"Login User"}
{"timestamp":"Fri Aug 30 2024 23:22:55 GMT+0530 (India Standard Time)","type":"info","message":"Input values: 9876543210 xyz@123#"}
{"timestamp":"Fri Aug 30 2024 23:22:55 GMT+0530 (India Standard Time)","type":"info","message":"Input values1: 9876543210"}
{"timestamp":"Fri Aug 30 2024 23:22:55 GMT+0530 (India Standard Time)","type":"info","message":"session started for read"}
{"timestamp":"Fri Aug 30 2024 23:22:55 GMT+0530 (India Standard Time)","type":"info","message":"Connection done"}
{"timestamp":"Fri Aug 30 2024 23:22:55 GMT+0530 (India Standard Time)","type":"info","message":"Session started for checkLogin"}
{"timestamp":"Fri Aug 30 2024 23:22:55 GMT+0530 (India Standard Time)","type":"info","message":"login check query: MATCH (u:User) where (u.username=$username or u.emailId = $username or u.mobileNo = $username) and u.password = $password return u"}
{"timestamp":"Fri Aug 30 2024 23:22:55 GMT+0530 (India Standard Time)","type":"debug","message":"result: {"records":[{"keys":["u"],"length":1,"_fields":[{"identity":{"low":0,"high":0},"labels":["User"],"properties":{"password":"xyz@123#","orgName":"XYZ PQR","emailId":"xyzpqr@gmail.com","mobileNo":"9876543210","username":"XYZ"},"elementId":"4:9e822ff5-dbf8-4773-9ba4-6686c280e9c4:0"}],"_fieldLookup":{"u":0}},{"keys":["u"],"length":1,"_fields":[{"identity":{"low":25,"high":0},"labels":["User"],"properties":{"password":"xyz@123#","orgName":"XYZ PQR","emailId":"xyzpqr@gmail.com","mobileNo":"9876543210","username":"XYZ"},"elementId":"4:9e822ff5-dbf8-4773-9ba4-6686c280e9c4:25"}],"_fieldLookup":{"u":0}}],"summary":{"query":{"text":"MATCH (u:User) where (u.username=$username or u.emailId = $username or u.mobileNo = $username) and u.password = $password return u","parameters":{"username":"9876543210","password":"xyz@123#"}},"queryType":"r","counters":{"_stats":{"nodesCreated":0,"nodesDeleted":0,"relationshipsCreated":0,"relationshipsDeleted":0,"propertiesSet":0,"labelsAdded":0,"labelsRemoved":0,"indexesAdded":0,"indexesRemoved":0,"constraintsAdded":0,"constraintsRemoved":0},"_systemUpdates":0},"updateStatistics":{"_stats":{"nodesCreated":0,"nodesDeleted":0,"relationshipsCreated":0,"relationshipsDeleted":0,"propertiesSet":0,"labelsAdded":0,"labelsRemoved":0,"indexesAdded":0,"indexesRemoved":0,"constraintsAdded":0,"constraintsRemoved":0},"_systemUpdates":0},"plan":false,"profile":false,"notifications":[],"server":{"address":"localhost:7687","agent":"Neo4j/5.12.0","protocolVersion":5.3},"resultConsumedAfter":{"low":1,"high":0},"resultAvailableAfter":{"low":1,"high":0},"database":{"name":"neo4j"}}}"}
