{"timestamp":"Mon Sep 02 2024 20:34:58 GMT+0530 (India Standard Time)","type":"info","message":"Server started on port: 9002"}
{"timestamp":"Mon Sep 02 2024 20:35:03 GMT+0530 (India Standard Time)","type":"info","message":"Create Task: [object Object]"}
{"timestamp":"Mon Sep 02 2024 20:35:03 GMT+0530 (India Standard Time)","type":"info","message":"session started for write"}
{"timestamp":"Mon Sep 02 2024 20:35:03 GMT+0530 (India Standard Time)","type":"info","message":"Connection done"}
{"timestamp":"Mon Sep 02 2024 20:35:03 GMT+0530 (India Standard Time)","type":"info","message":"session started for write"}
{"timestamp":"Mon Sep 02 2024 20:35:03 GMT+0530 (India Standard Time)","type":"info","message":"Connection done"}
{"timestamp":"Mon Sep 02 2024 20:35:03 GMT+0530 (India Standard Time)","type":"info","message":"session started for write"}
{"timestamp":"Mon Sep 02 2024 20:35:03 GMT+0530 (India Standard Time)","type":"info","message":"Connection done"}
{"timestamp":"Mon Sep 02 2024 20:35:03 GMT+0530 (India Standard Time)","type":"info","message":"session started for read"}
{"timestamp":"Mon Sep 02 2024 20:35:03 GMT+0530 (India Standard Time)","type":"info","message":"Connection done"}
{"timestamp":"Mon Sep 02 2024 20:35:03 GMT+0530 (India Standard Time)","type":"info","message":"session started for write"}
{"timestamp":"Mon Sep 02 2024 20:35:03 GMT+0530 (India Standard Time)","type":"info","message":"Connection done"}
{"timestamp":"Mon Sep 02 2024 20:35:03 GMT+0530 (India Standard Time)","type":"error","message":"Error in creating task"}
{"timestamp":"Mon Sep 02 2024 20:35:03 GMT+0530 (India Standard Time)","type":"error","message":"No records created. Please try again"}
{"timestamp":"Mon Sep 02 2024 20:35:03 GMT+0530 (India Standard Time)","type":"error","message":"Error in create Task"}
{"timestamp":"Mon Sep 02 2024 20:35:03 GMT+0530 (India Standard Time)","type":"error","message":"No records created. Please try again"}
{"timestamp":"Mon Sep 02 2024 20:35:42 GMT+0530 (India Standard Time)","type":"info","message":"Server started on port: 9002"}
{"timestamp":"Mon Sep 02 2024 20:35:46 GMT+0530 (India Standard Time)","type":"info","message":"Create Task: [object Object]"}
{"timestamp":"Mon Sep 02 2024 20:35:46 GMT+0530 (India Standard Time)","type":"info","message":"session started for write"}
{"timestamp":"Mon Sep 02 2024 20:35:46 GMT+0530 (India Standard Time)","type":"info","message":"Connection done"}
{"timestamp":"Mon Sep 02 2024 20:35:46 GMT+0530 (India Standard Time)","type":"info","message":"session started for write"}
{"timestamp":"Mon Sep 02 2024 20:35:46 GMT+0530 (India Standard Time)","type":"info","message":"Connection done"}
{"timestamp":"Mon Sep 02 2024 20:35:46 GMT+0530 (India Standard Time)","type":"info","message":"session started for write"}
{"timestamp":"Mon Sep 02 2024 20:35:46 GMT+0530 (India Standard Time)","type":"info","message":"Connection done"}
{"timestamp":"Mon Sep 02 2024 20:35:46 GMT+0530 (India Standard Time)","type":"info","message":"session started for read"}
{"timestamp":"Mon Sep 02 2024 20:35:46 GMT+0530 (India Standard Time)","type":"info","message":"Connection done"}
{"timestamp":"Mon Sep 02 2024 20:35:46 GMT+0530 (India Standard Time)","type":"info","message":"session started for write"}
{"timestamp":"Mon Sep 02 2024 20:35:46 GMT+0530 (India Standard Time)","type":"info","message":"Connection done"}
{"timestamp":"Mon Sep 02 2024 20:35:46 GMT+0530 (India Standard Time)","type":"error","message":"Error in creating task"}
{"timestamp":"Mon Sep 02 2024 20:35:46 GMT+0530 (India Standard Time)","type":"error","message":"No records created. Please try again"}
{"timestamp":"Mon Sep 02 2024 20:35:46 GMT+0530 (India Standard Time)","type":"error","message":"Error in create Task"}
{"timestamp":"Mon Sep 02 2024 20:35:46 GMT+0530 (India Standard Time)","type":"error","message":"No records created. Please try again"}
{"timestamp":"Mon Sep 02 2024 20:37:39 GMT+0530 (India Standard Time)","type":"info","message":"Server started on port: 9002"}
{"timestamp":"Mon Sep 02 2024 20:37:44 GMT+0530 (India Standard Time)","type":"info","message":"Create Task: [object Object]"}
{"timestamp":"Mon Sep 02 2024 20:37:44 GMT+0530 (India Standard Time)","type":"info","message":"session started for write"}
{"timestamp":"Mon Sep 02 2024 20:37:44 GMT+0530 (India Standard Time)","type":"info","message":"Connection done"}
{"timestamp":"Mon Sep 02 2024 20:37:44 GMT+0530 (India Standard Time)","type":"info","message":"session started for write"}
{"timestamp":"Mon Sep 02 2024 20:37:44 GMT+0530 (India Standard Time)","type":"info","message":"Connection done"}
{"timestamp":"Mon Sep 02 2024 20:37:44 GMT+0530 (India Standard Time)","type":"info","message":"session started for write"}
{"timestamp":"Mon Sep 02 2024 20:37:44 GMT+0530 (India Standard Time)","type":"info","message":"Connection done"}
{"timestamp":"Mon Sep 02 2024 20:37:44 GMT+0530 (India Standard Time)","type":"info","message":"session started for read"}
{"timestamp":"Mon Sep 02 2024 20:37:44 GMT+0530 (India Standard Time)","type":"info","message":"Connection done"}
{"timestamp":"Mon Sep 02 2024 20:37:44 GMT+0530 (India Standard Time)","type":"info","message":"session started for write"}
{"timestamp":"Mon Sep 02 2024 20:37:44 GMT+0530 (India Standard Time)","type":"info","message":"Connection done"}
{"timestamp":"Mon Sep 02 2024 20:37:44 GMT+0530 (India Standard Time)","type":"info","message":"session started for write"}
{"timestamp":"Mon Sep 02 2024 20:37:44 GMT+0530 (India Standard Time)","type":"info","message":"Connection done"}
{"timestamp":"Mon Sep 02 2024 20:37:44 GMT+0530 (India Standard Time)","type":"error","message":"Error in updating task id"}
{"timestamp":"Mon Sep 02 2024 20:37:44 GMT+0530 (India Standard Time)","type":"error","message":"Neo4jError: Expected parameter(s): category"}
{"timestamp":"Mon Sep 02 2024 20:37:44 GMT+0530 (India Standard Time)","type":"error","message":"Error in create Task"}
{"timestamp":"Mon Sep 02 2024 20:37:44 GMT+0530 (India Standard Time)","type":"error","message":"Neo4jError: Expected parameter(s): category"}
{"timestamp":"Mon Sep 02 2024 20:38:49 GMT+0530 (India Standard Time)","type":"info","message":"Server started on port: 9002"}
{"timestamp":"Mon Sep 02 2024 20:39:03 GMT+0530 (India Standard Time)","type":"info","message":"Create Task: [object Object]"}
{"timestamp":"Mon Sep 02 2024 20:39:03 GMT+0530 (India Standard Time)","type":"info","message":"session started for write"}
{"timestamp":"Mon Sep 02 2024 20:39:03 GMT+0530 (India Standard Time)","type":"info","message":"Connection done"}
{"timestamp":"Mon Sep 02 2024 20:39:03 GMT+0530 (India Standard Time)","type":"info","message":"session started for write"}
{"timestamp":"Mon Sep 02 2024 20:39:03 GMT+0530 (India Standard Time)","type":"info","message":"Connection done"}
{"timestamp":"Mon Sep 02 2024 20:39:03 GMT+0530 (India Standard Time)","type":"info","message":"session started for write"}
{"timestamp":"Mon Sep 02 2024 20:39:03 GMT+0530 (India Standard Time)","type":"info","message":"Connection done"}
{"timestamp":"Mon Sep 02 2024 20:39:03 GMT+0530 (India Standard Time)","type":"info","message":"session started for read"}
{"timestamp":"Mon Sep 02 2024 20:39:03 GMT+0530 (India Standard Time)","type":"info","message":"Connection done"}
{"timestamp":"Mon Sep 02 2024 20:39:03 GMT+0530 (India Standard Time)","type":"info","message":"session started for write"}
{"timestamp":"Mon Sep 02 2024 20:39:03 GMT+0530 (India Standard Time)","type":"info","message":"Connection done"}
{"timestamp":"Mon Sep 02 2024 20:39:03 GMT+0530 (India Standard Time)","type":"info","message":"session started for write"}
{"timestamp":"Mon Sep 02 2024 20:39:03 GMT+0530 (India Standard Time)","type":"info","message":"Connection done"}
{"timestamp":"Mon Sep 02 2024 20:39:03 GMT+0530 (India Standard Time)","type":"error","message":"Error in updating task id"}
{"timestamp":"Mon Sep 02 2024 20:39:03 GMT+0530 (India Standard Time)","type":"error","message":"Task id not updated"}
{"timestamp":"Mon Sep 02 2024 20:39:03 GMT+0530 (India Standard Time)","type":"error","message":"Error in create Task"}
{"timestamp":"Mon Sep 02 2024 20:39:03 GMT+0530 (India Standard Time)","type":"error","message":"Task id not updated"}
{"timestamp":"Mon Sep 02 2024 20:43:12 GMT+0530 (India Standard Time)","type":"info","message":"Server started on port: 9002"}
{"timestamp":"Mon Sep 02 2024 20:43:33 GMT+0530 (India Standard Time)","type":"info","message":"Create Task: [object Object]"}
{"timestamp":"Mon Sep 02 2024 20:43:33 GMT+0530 (India Standard Time)","type":"info","message":"session started for write"}
{"timestamp":"Mon Sep 02 2024 20:43:33 GMT+0530 (India Standard Time)","type":"info","message":"Connection done"}
{"timestamp":"Mon Sep 02 2024 20:43:33 GMT+0530 (India Standard Time)","type":"info","message":"session started for write"}
{"timestamp":"Mon Sep 02 2024 20:43:33 GMT+0530 (India Standard Time)","type":"info","message":"Connection done"}
{"timestamp":"Mon Sep 02 2024 20:43:33 GMT+0530 (India Standard Time)","type":"info","message":"session started for write"}
{"timestamp":"Mon Sep 02 2024 20:43:33 GMT+0530 (India Standard Time)","type":"info","message":"Connection done"}
{"timestamp":"Mon Sep 02 2024 20:43:33 GMT+0530 (India Standard Time)","type":"info","message":"session started for read"}
{"timestamp":"Mon Sep 02 2024 20:43:33 GMT+0530 (India Standard Time)","type":"info","message":"Connection done"}
{"timestamp":"Mon Sep 02 2024 20:43:33 GMT+0530 (India Standard Time)","type":"info","message":"session started for write"}
{"timestamp":"Mon Sep 02 2024 20:43:33 GMT+0530 (India Standard Time)","type":"info","message":"Connection done"}
{"timestamp":"Mon Sep 02 2024 20:43:33 GMT+0530 (India Standard Time)","type":"info","message":"session started for write"}
{"timestamp":"Mon Sep 02 2024 20:43:33 GMT+0530 (India Standard Time)","type":"info","message":"Connection done"}
